<?xml version="1.0" encoding="UTF-8"?>
<testsuite xmlns:xsi="http://www.w3.org/2001/XMLSchema-instance" xsi:noNamespaceSchemaLocation="https://maven.apache.org/surefire/maven-surefire-plugin/xsd/surefire-test-report.xsd" name="ru.netology.domain.RadioTest" time="0.049" tests="8" errors="0" skipped="0" failures="0">
  <properties>
[...]
</properties>
  <testcase name="changeChanelUpMax" classname="ru.netology.domain.RadioTest" time="0.031"/>
  <testcase name="changeChanelDown" classname="ru.netology.domain.RadioTest" time="0.001"/>
  <testcase name="changeVolumeDown" classname="ru.netology.domain.RadioTest" time="0.001"/>
  <testcase name="changeVolumeDownMin" classname="ru.netology.domain.RadioTest" time="0"/>
  <testcase name="changeVolumeUpMax" classname="ru.netology.domain.RadioTest" time="0.001"/>
  <testcase name="changeChanelDownMin" classname="ru.netology.domain.RadioTest" time="0.001"/>
  <testcase name="changeChanelUp" classname="ru.netology.domain.RadioTest" time="0"/>
  <testcase name="changeVolumeUp" classname="ru.netology.domain.RadioTest" time="0"/>
</testsuite>